\BOOKMARK [1][-]{section.1}{\376\377\006\063\006\110\006\047\006\104\000\040\0001}{}% 1
\BOOKMARK [2][-]{subsection.1.1}{\376\377\006\050\006\056\006\064\000\040\006\047\006\110\006\104}{section.1}% 2
\BOOKMARK [2][-]{subsection.1.2}{\376\377\006\050\006\056\006\064\000\040\006\057\006\110\006\105}{section.1}% 3
\BOOKMARK [2][-]{subsection.1.3}{\376\377\006\050\006\056\006\064\000\040\006\063\006\110\006\105}{section.1}% 4
\BOOKMARK [3][-]{subsubsection.1.3.1}{\376\377\006\106\006\052\006\047\006\314\006\054\000\040\000M\000L\000P\000\040\006\050\006\047\000\040\006\052\006\047\006\050\006\071\000\040\006\101\006\071\006\047\006\104\040\014\006\063\006\047\006\062\000\040\000R\000e\000L\000U}{subsection.1.3}% 5
\BOOKMARK [3][-]{subsubsection.1.3.2}{\376\377\006\106\006\052\006\047\006\314\006\054\000\040\000M\000L\000P\000\040\006\050\006\047\000\040\006\052\006\047\006\050\006\071\000\040\006\101\006\071\006\047\006\104\040\014\006\063\006\047\006\062\000\040\000E\000L\000U}{subsection.1.3}% 6
\BOOKMARK [3][-]{subsubsection.1.3.3}{\376\377\006\106\006\052\006\047\006\314\006\054\000\040\006\105\006\057\006\104\000\040\006\050\006\061\000\040\006\105\006\050\006\106\006\047\006\314\000\040\000m\000c\000c\000u\000l\000l\000o\000c\000h\000-\000p\000i\000t\000t\000s\000\040\006\106\006\061\006\110\006\106}{subsection.1.3}% 7
\BOOKMARK [1][-]{section.2}{\376\377\006\063\006\110\006\047\006\104\000\040\0002}{}% 8
\BOOKMARK [2][-]{subsection.2.1}{\376\377\006\050\006\056\006\064\000\040\006\047\006\110\006\104}{section.2}% 9
\BOOKMARK [3][-]{subsubsection.2.1.1}{\376\377\006\176\006\314\006\064\040\014\006\176\006\061\006\057\006\047\006\062\006\064}{subsection.2.1}% 10
\BOOKMARK [2][-]{subsection.2.2}{\376\377\006\050\006\056\006\064\000\040\006\057\006\110\006\105}{section.2}% 11
\BOOKMARK [3][-]{subsubsection.2.2.1}{\376\377\006\106\006\052\006\047\006\314\006\054}{subsection.2.2}% 12
\BOOKMARK [2][-]{subsection.2.3}{\376\377\006\050\006\056\006\064\000\040\006\063\006\110\006\105}{section.2}% 13
\BOOKMARK [3][-]{subsubsection.2.3.1}{\376\377\006\106\006\052\006\047\006\314\006\054}{subsection.2.3}% 14
\BOOKMARK [2][-]{subsection.2.4}{\376\377\006\050\006\056\006\064\000\040\006\206\006\107\006\047\006\061\006\105}{section.2}% 15
\BOOKMARK [3][-]{subsubsection.2.4.1}{\376\377\006\106\006\052\006\047\006\314\006\054}{subsection.2.4}% 16
\BOOKMARK [1][-]{section.3}{\376\377\006\063\006\110\006\047\006\104\000\040\0003}{}% 17
\BOOKMARK [2][-]{subsection.3.1}{\376\377\006\050\006\056\006\064\000\040\006\047\006\110\006\104}{section.3}% 18
\BOOKMARK [2][-]{subsection.3.2}{\376\377\006\050\006\056\006\064\000\040\006\057\006\110\006\105}{section.3}% 19
\BOOKMARK [2][-]{subsection.3.3}{\376\377\006\050\006\056\006\064\000\040\006\063\006\110\006\105}{section.3}% 20
\BOOKMARK [1][-]{section.4}{\376\377\006\063\006\110\006\047\006\104\000\040\0004}{}% 21
